<?xml version="1.0" encoding="UTF-8"?>
<testsuite name="com.edu.tester.HauntedHouseTester" tests="1" skipped="0" failures="0" errors="0" timestamp="2022-11-10T20:55:45" hostname="david-IdeaPad-1-15ALC7" time="0.015">
  <properties/>
  <testcase name="Retains all values after deletion of Root" classname="com.edu.tester.HauntedHouseTester" time="0.015"/>
  <system-out><![CDATA[]]></system-out>
  <system-err><![CDATA[]]></system-err>
</testsuite>
