<?xml version="1.0" encoding="UTF-8"?>
<testsuite name="com.edu.tester.HauntedHouseTester" tests="1" skipped="0" failures="0" errors="0" timestamp="2022-11-11T01:21:01" hostname="david-IdeaPad-1-15ALC7" time="0.018">
  <properties/>
  <testcase name="Insertion test" classname="com.edu.tester.HauntedHouseTester" time="0.018"/>
  <system-out><![CDATA[]]></system-out>
  <system-err><![CDATA[]]></system-err>
</testsuite>
